

Started GET "/ideas" for 127.0.0.1 at 2014-01-11 11:43:56 +0800

ActiveRecord::PendingMigrationError (Migrations are pending; run 'rake db:migrate RAILS_ENV=development' to resolve this issue.):
  activerecord (4.0.0) lib/active_record/migration.rb:379:in `check_pending!'
  activerecord (4.0.0) lib/active_record/migration.rb:366:in `call'
  actionpack (4.0.0) lib/action_dispatch/middleware/callbacks.rb:29:in `block in call'
  activesupport (4.0.0) lib/active_support/callbacks.rb:373:in `_run__952295812__call__callbacks'
  activesupport (4.0.0) lib/active_support/callbacks.rb:80:in `run_callbacks'
  actionpack (4.0.0) lib/action_dispatch/middleware/callbacks.rb:27:in `call'
  actionpack (4.0.0) lib/action_dispatch/middleware/reloader.rb:64:in `call'
  actionpack (4.0.0) lib/action_dispatch/middleware/remote_ip.rb:76:in `call'
  actionpack (4.0.0) lib/action_dispatch/middleware/debug_exceptions.rb:17:in `call'
  actionpack (4.0.0) lib/action_dispatch/middleware/show_exceptions.rb:30:in `call'
  railties (4.0.0) lib/rails/rack/logger.rb:38:in `call_app'
  railties (4.0.0) lib/rails/rack/logger.rb:21:in `block in call'
  activesupport (4.0.0) lib/active_support/tagged_logging.rb:67:in `block in tagged'
  activesupport (4.0.0) lib/active_support/tagged_logging.rb:25:in `tagged'
  activesupport (4.0.0) lib/active_support/tagged_logging.rb:67:in `tagged'
  railties (4.0.0) lib/rails/rack/logger.rb:21:in `call'
  actionpack (4.0.0) lib/action_dispatch/middleware/request_id.rb:21:in `call'
  rack (1.5.2) lib/rack/methodoverride.rb:21:in `call'
  rack (1.5.2) lib/rack/runtime.rb:17:in `call'
  activesupport (4.0.0) lib/active_support/cache/strategy/local_cache.rb:83:in `call'
  rack (1.5.2) lib/rack/lock.rb:17:in `call'
  actionpack (4.0.0) lib/action_dispatch/middleware/static.rb:64:in `call'
  railties (4.0.0) lib/rails/engine.rb:511:in `call'
  railties (4.0.0) lib/rails/application.rb:97:in `call'
  rack (1.5.2) lib/rack/lock.rb:17:in `call'
  rack (1.5.2) lib/rack/content_length.rb:14:in `call'
  rack (1.5.2) lib/rack/handler/webrick.rb:60:in `service'
  c:/RailsInstaller/Ruby2.0.0/lib/ruby/2.0.0/webrick/httpserver.rb:138:in `service'
  c:/RailsInstaller/Ruby2.0.0/lib/ruby/2.0.0/webrick/httpserver.rb:94:in `run'
  c:/RailsInstaller/Ruby2.0.0/lib/ruby/2.0.0/webrick/server.rb:295:in `block in start_thread'


  Rendered c:/RailsInstaller/Ruby2.0.0/lib/ruby/gems/2.0.0/gems/actionpack-4.0.0/lib/action_dispatch/middleware/templates/rescues/_source.erb (0.0ms)
  Rendered c:/RailsInstaller/Ruby2.0.0/lib/ruby/gems/2.0.0/gems/actionpack-4.0.0/lib/action_dispatch/middleware/templates/rescues/_trace.erb (1.0ms)
  Rendered c:/RailsInstaller/Ruby2.0.0/lib/ruby/gems/2.0.0/gems/actionpack-4.0.0/lib/action_dispatch/middleware/templates/rescues/_request_and_response.erb (1.0ms)
  Rendered c:/RailsInstaller/Ruby2.0.0/lib/ruby/gems/2.0.0/gems/actionpack-4.0.0/lib/action_dispatch/middleware/templates/rescues/diagnostics.erb within rescues/layout (42.7ms)
  [1m[36m (73.0ms)[0m  [1mCREATE TABLE "schema_migrations" ("version" varchar(255) NOT NULL) [0m
  [1m[35m (90.0ms)[0m  CREATE UNIQUE INDEX "unique_schema_migrations" ON "schema_migrations" ("version")
  [1m[36mActiveRecord::SchemaMigration Load (1.0ms)[0m  [1mSELECT "schema_migrations".* FROM "schema_migrations"[0m
Migrating to CreateIdeas (20140111034337)
  [1m[35m (1.0ms)[0m  begin transaction
  [1m[36m (0.0ms)[0m  [1mrollback transaction[0m
  [1m[36mActiveRecord::SchemaMigration Load (0.0ms)[0m  [1mSELECT "schema_migrations".* FROM "schema_migrations"[0m
Migrating to CreateIdeas (20140111034337)
  [1m[35m (0.0ms)[0m  begin transaction
  [1m[36m (0.0ms)[0m  [1mrollback transaction[0m
  [1m[36mActiveRecord::SchemaMigration Load (1.0ms)[0m  [1mSELECT "schema_migrations".* FROM "schema_migrations"[0m
Migrating to CreateIdeas (20140111034928)
  [1m[35m (0.0ms)[0m  begin transaction
  [1m[36m (0.0ms)[0m  [1mrollback transaction[0m
  [1m[36mActiveRecord::SchemaMigration Load (0.0ms)[0m  [1mSELECT "schema_migrations".* FROM "schema_migrations"[0m
Migrating to CreateIdeas (20140111034928)
  [1m[35m (1.0ms)[0m  begin transaction
  [1m[36m (1.0ms)[0m  [1mCREATE TABLE "ideas" ("id" INTEGER PRIMARY KEY AUTOINCREMENT NOT NULL, "name" varchar(255), "description" text, "picture" varchar(255), "created_at" datetime, "updated_at" datetime) [0m
  [1m[35mSQL (0.0ms)[0m  INSERT INTO "schema_migrations" ("version") VALUES (?)  [["version", "20140111034928"]]
  [1m[36m (123.2ms)[0m  [1mcommit transaction[0m
  [1m[35mActiveRecord::SchemaMigration Load (0.0ms)[0m  SELECT "schema_migrations".* FROM "schema_migrations"


Started GET "/ideas" for 127.0.0.1 at 2014-01-11 11:51:53 +0800
  [1m[36mActiveRecord::SchemaMigration Load (0.0ms)[0m  [1mSELECT "schema_migrations".* FROM "schema_migrations"[0m
Processing by IdeasController#index as HTML
  [1m[35mIdea Load (0.0ms)[0m  SELECT "ideas".* FROM "ideas"
  Rendered ideas/index.html.erb within layouts/application (5.0ms)
Completed 500 Internal Server Error in 3677ms

ActionView::Template::Error (
  (in c:/RailsInstaller/Ruby2.0.0/lib/ruby/gems/2.0.0/gems/turbolinks-2.2.0/lib/assets/javascripts/turbolinks.js.coffee)):
    3: <head>
    4:   <title>A</title>
    5:   <%= stylesheet_link_tag    "application", media: "all", "data-turbolinks-track" => true %>
    6:   <%= javascript_include_tag "application", "data-turbolinks-track" => true %>
    7:   <%= csrf_meta_tags %>
    8: </head>
    9: <body>
  app/views/layouts/application.html.erb:6:in `_app_views_layouts_application_html_erb__654368466_44076528'


  Rendered c:/RailsInstaller/Ruby2.0.0/lib/ruby/gems/2.0.0/gems/actionpack-4.0.0/lib/action_dispatch/middleware/templates/rescues/_trace.erb (1.0ms)
  Rendered c:/RailsInstaller/Ruby2.0.0/lib/ruby/gems/2.0.0/gems/actionpack-4.0.0/lib/action_dispatch/middleware/templates/rescues/_request_and_response.erb (1.0ms)
  Rendered c:/RailsInstaller/Ruby2.0.0/lib/ruby/gems/2.0.0/gems/actionpack-4.0.0/lib/action_dispatch/middleware/templates/rescues/template_error.erb within rescues/layout (24.0ms)


Started GET "/ideas" for 127.0.0.1 at 2014-01-11 11:51:57 +0800
Processing by IdeasController#index as HTML
  [1m[36mIdea Load (0.0ms)[0m  [1mSELECT "ideas".* FROM "ideas"[0m
  Rendered ideas/index.html.erb within layouts/application (2.0ms)
Completed 500 Internal Server Error in 3242ms

ActionView::Template::Error (
  (in c:/RailsInstaller/Ruby2.0.0/lib/ruby/gems/2.0.0/gems/turbolinks-2.2.0/lib/assets/javascripts/turbolinks.js.coffee)):
    3: <head>
    4:   <title>A</title>
    5:   <%= stylesheet_link_tag    "application", media: "all", "data-turbolinks-track" => true %>
    6:   <%= javascript_include_tag "application", "data-turbolinks-track" => true %>
    7:   <%= csrf_meta_tags %>
    8: </head>
    9: <body>
  app/views/layouts/application.html.erb:6:in `_app_views_layouts_application_html_erb__654368466_44076528'


  Rendered c:/RailsInstaller/Ruby2.0.0/lib/ruby/gems/2.0.0/gems/actionpack-4.0.0/lib/action_dispatch/middleware/templates/rescues/_trace.erb (2.0ms)
  Rendered c:/RailsInstaller/Ruby2.0.0/lib/ruby/gems/2.0.0/gems/actionpack-4.0.0/lib/action_dispatch/middleware/templates/rescues/_request_and_response.erb (1.0ms)
  Rendered c:/RailsInstaller/Ruby2.0.0/lib/ruby/gems/2.0.0/gems/actionpack-4.0.0/lib/action_dispatch/middleware/templates/rescues/template_error.erb within rescues/layout (26.5ms)


Started GET "/ideas" for 127.0.0.1 at 2014-01-11 11:52:00 +0800
Processing by IdeasController#index as HTML
  [1m[35mIdea Load (0.0ms)[0m  SELECT "ideas".* FROM "ideas"
  Rendered ideas/index.html.erb within layouts/application (2.0ms)
Completed 500 Internal Server Error in 3121ms

ActionView::Template::Error (
  (in c:/RailsInstaller/Ruby2.0.0/lib/ruby/gems/2.0.0/gems/turbolinks-2.2.0/lib/assets/javascripts/turbolinks.js.coffee)):
    3: <head>
    4:   <title>A</title>
    5:   <%= stylesheet_link_tag    "application", media: "all", "data-turbolinks-track" => true %>
    6:   <%= javascript_include_tag "application", "data-turbolinks-track" => true %>
    7:   <%= csrf_meta_tags %>
    8: </head>
    9: <body>
  app/views/layouts/application.html.erb:6:in `_app_views_layouts_application_html_erb__654368466_44076528'


  Rendered c:/RailsInstaller/Ruby2.0.0/lib/ruby/gems/2.0.0/gems/actionpack-4.0.0/lib/action_dispatch/middleware/templates/rescues/_trace.erb (2.0ms)
  Rendered c:/RailsInstaller/Ruby2.0.0/lib/ruby/gems/2.0.0/gems/actionpack-4.0.0/lib/action_dispatch/middleware/templates/rescues/_request_and_response.erb (1.0ms)
  Rendered c:/RailsInstaller/Ruby2.0.0/lib/ruby/gems/2.0.0/gems/actionpack-4.0.0/lib/action_dispatch/middleware/templates/rescues/template_error.erb within rescues/layout (27.0ms)


Started GET "/ideas" for 127.0.0.1 at 2014-01-11 12:01:55 +0800
  [1m[36mActiveRecord::SchemaMigration Load (0.0ms)[0m  [1mSELECT "schema_migrations".* FROM "schema_migrations"[0m
Processing by IdeasController#index as HTML
  [1m[35mIdea Load (0.0ms)[0m  SELECT "ideas".* FROM "ideas"
  Rendered ideas/index.html.erb within layouts/application (5.2ms)
Completed 500 Internal Server Error in 6043ms

ActionView::Template::Error (
  (in c:/RailsInstaller/Ruby2.0.0/lib/ruby/gems/2.0.0/gems/turbolinks-2.2.0/lib/assets/javascripts/turbolinks.js.coffee)):
    3: <head>
    4:   <title>A</title>
    5:   <%= stylesheet_link_tag    "application", media: "all", "data-turbolinks-track" => true %>
    6:   <%= javascript_include_tag "application", "data-turbolinks-track" => true %>
    7:   <%= csrf_meta_tags %>
    8: </head>
    9: <body>
  app/views/layouts/application.html.erb:6:in `_app_views_layouts_application_html_erb__603989956_29637216'


  Rendered c:/RailsInstaller/Ruby2.0.0/lib/ruby/gems/2.0.0/gems/actionpack-4.0.0/lib/action_dispatch/middleware/templates/rescues/_trace.erb (4.0ms)
  Rendered c:/RailsInstaller/Ruby2.0.0/lib/ruby/gems/2.0.0/gems/actionpack-4.0.0/lib/action_dispatch/middleware/templates/rescues/_request_and_response.erb (2.0ms)
  Rendered c:/RailsInstaller/Ruby2.0.0/lib/ruby/gems/2.0.0/gems/actionpack-4.0.0/lib/action_dispatch/middleware/templates/rescues/template_error.erb within rescues/layout (259.0ms)


Started GET "/" for 127.0.0.1 at 2014-01-11 12:02:03 +0800
Processing by Rails::WelcomeController#index as HTML
  Rendered c:/RailsInstaller/Ruby2.0.0/lib/ruby/gems/2.0.0/gems/railties-4.0.0/lib/rails/templates/rails/welcome/index.html.erb (2.0ms)
Completed 200 OK in 390ms (Views: 390.4ms | ActiveRecord: 0.0ms)


Started GET "/ideas" for 127.0.0.1 at 2014-01-11 12:06:28 +0800
Processing by IdeasController#index as HTML
  [1m[36mIdea Load (1.0ms)[0m  [1mSELECT "ideas".* FROM "ideas"[0m
  Rendered ideas/index.html.erb within layouts/application (5.0ms)
Completed 500 Internal Server Error in 3237ms

ActionView::Template::Error (
  (in c:/RailsInstaller/Ruby2.0.0/lib/ruby/gems/2.0.0/gems/turbolinks-2.2.0/lib/assets/javascripts/turbolinks.js.coffee)):
    3: <head>
    4:   <title>A</title>
    5:   <%= stylesheet_link_tag    "application", media: "all", "data-turbolinks-track" => true %>
    6:   <%= javascript_include_tag "application", "data-turbolinks-track" => true %>
    7:   <%= csrf_meta_tags %>
    8: </head>
    9: <body>
  app/views/layouts/application.html.erb:6:in `_app_views_layouts_application_html_erb__603989956_29637216'


  Rendered c:/RailsInstaller/Ruby2.0.0/lib/ruby/gems/2.0.0/gems/actionpack-4.0.0/lib/action_dispatch/middleware/templates/rescues/_trace.erb (1.0ms)
  Rendered c:/RailsInstaller/Ruby2.0.0/lib/ruby/gems/2.0.0/gems/actionpack-4.0.0/lib/action_dispatch/middleware/templates/rescues/_request_and_response.erb (2.0ms)
  Rendered c:/RailsInstaller/Ruby2.0.0/lib/ruby/gems/2.0.0/gems/actionpack-4.0.0/lib/action_dispatch/middleware/templates/rescues/template_error.erb within rescues/layout (25.0ms)


Started GET "/ideas" for 127.0.0.1 at 2014-01-11 12:07:02 +0800
  [1m[36mActiveRecord::SchemaMigration Load (0.0ms)[0m  [1mSELECT "schema_migrations".* FROM "schema_migrations"[0m
Processing by IdeasController#index as HTML
  [1m[35mIdea Load (0.0ms)[0m  SELECT "ideas".* FROM "ideas"
  Rendered ideas/index.html.erb within layouts/application (4.0ms)
Completed 500 Internal Server Error in 3248ms

ActionView::Template::Error (
  (in c:/RailsInstaller/Ruby2.0.0/lib/ruby/gems/2.0.0/gems/turbolinks-2.2.0/lib/assets/javascripts/turbolinks.js.coffee)):
    3: <head>
    4:   <title>A</title>
    5:   <%= stylesheet_link_tag    "application", media: "all", "data-turbolinks-track" => true %>
    6:   <%= javascript_include_tag "application", "data-turbolinks-track" => true %>
    7:   <%= csrf_meta_tags %>
    8: </head>
    9: <body>
  app/views/layouts/application.html.erb:6:in `_app_views_layouts_application_html_erb___303208038_29788944'


  Rendered c:/RailsInstaller/Ruby2.0.0/lib/ruby/gems/2.0.0/gems/actionpack-4.0.0/lib/action_dispatch/middleware/templates/rescues/_trace.erb (2.0ms)
  Rendered c:/RailsInstaller/Ruby2.0.0/lib/ruby/gems/2.0.0/gems/actionpack-4.0.0/lib/action_dispatch/middleware/templates/rescues/_request_and_response.erb (1.0ms)
  Rendered c:/RailsInstaller/Ruby2.0.0/lib/ruby/gems/2.0.0/gems/actionpack-4.0.0/lib/action_dispatch/middleware/templates/rescues/template_error.erb within rescues/layout (22.8ms)


Started GET "/ideas" for 127.0.0.1 at 2014-01-11 12:07:54 +0800
  [1m[36mActiveRecord::SchemaMigration Load (0.0ms)[0m  [1mSELECT "schema_migrations".* FROM "schema_migrations"[0m
Processing by IdeasController#index as HTML
  [1m[35mIdea Load (0.0ms)[0m  SELECT "ideas".* FROM "ideas"
  Rendered ideas/index.html.erb within layouts/application (6.0ms)
Completed 500 Internal Server Error in 3202ms

ActionView::Template::Error (
  (in c:/RailsInstaller/Ruby2.0.0/lib/ruby/gems/2.0.0/gems/turbolinks-2.2.0/lib/assets/javascripts/turbolinks.js.coffee)):
    3: <head>
    4:   <title>A</title>
    5:   <%= stylesheet_link_tag    "application", media: "all", "data-turbolinks-track" => true %>
    6:   <%= javascript_include_tag "application", "data-turbolinks-track" => true %>
    7:   <%= csrf_meta_tags %>
    8: </head>
    9: <body>
  app/views/layouts/application.html.erb:6:in `_app_views_layouts_application_html_erb___690678846_40278564'


  Rendered c:/RailsInstaller/Ruby2.0.0/lib/ruby/gems/2.0.0/gems/actionpack-4.0.0/lib/action_dispatch/middleware/templates/rescues/_trace.erb (1.0ms)
  Rendered c:/RailsInstaller/Ruby2.0.0/lib/ruby/gems/2.0.0/gems/actionpack-4.0.0/lib/action_dispatch/middleware/templates/rescues/_request_and_response.erb (1.0ms)
  Rendered c:/RailsInstaller/Ruby2.0.0/lib/ruby/gems/2.0.0/gems/actionpack-4.0.0/lib/action_dispatch/middleware/templates/rescues/template_error.erb within rescues/layout (28.0ms)


Started GET "/ideas" for 127.0.0.1 at 2014-01-11 12:13:31 +0800
  [1m[36mActiveRecord::SchemaMigration Load (1.0ms)[0m  [1mSELECT "schema_migrations".* FROM "schema_migrations"[0m
Processing by IdeasController#index as HTML
  [1m[35mIdea Load (0.0ms)[0m  SELECT "ideas".* FROM "ideas"
  Rendered ideas/index.html.erb within layouts/application (6.0ms)
Completed 200 OK in 141ms (Views: 52.0ms | ActiveRecord: 0.0ms)


Started GET "/ideas/new" for 127.0.0.1 at 2014-01-11 12:13:44 +0800
Processing by IdeasController#new as HTML
  Rendered ideas/_form.html.erb (219.4ms)
  Rendered ideas/new.html.erb within layouts/application (264.2ms)
Completed 500 Internal Server Error in 278ms

ActionView::Template::Error (undefined method `rake' for #<Idea:0x275fb08>):
    25:   </div>
    26:   <div class="field">
    27:     <%= f.label :rake %><br>
    28:     <%= f.text_field :rake %>
    29:   </div>
    30:   <div class="field">
    31:     <%= f.label :db %><br>
  app/views/ideas/_form.html.erb:28:in `block in _app_views_ideas__form_html_erb___635397404_28919316'
  app/views/ideas/_form.html.erb:1:in `_app_views_ideas__form_html_erb___635397404_28919316'
  app/views/ideas/new.html.erb:3:in `_app_views_ideas_new_html_erb__797886592_28492500'


  Rendered c:/RailsInstaller/Ruby2.0.0/lib/ruby/gems/2.0.0/gems/actionpack-4.0.0/lib/action_dispatch/middleware/templates/rescues/_trace.erb (3.0ms)
  Rendered c:/RailsInstaller/Ruby2.0.0/lib/ruby/gems/2.0.0/gems/actionpack-4.0.0/lib/action_dispatch/middleware/templates/rescues/_request_and_response.erb (2.0ms)
  Rendered c:/RailsInstaller/Ruby2.0.0/lib/ruby/gems/2.0.0/gems/actionpack-4.0.0/lib/action_dispatch/middleware/templates/rescues/template_error.erb within rescues/layout (61.2ms)
  [1m[36mActiveRecord::SchemaMigration Load (0.0ms)[0m  [1mSELECT "schema_migrations".* FROM "schema_migrations"[0m
Migrating to CreateIdeas (20140111041429)
  [1m[35m (0.0ms)[0m  begin transaction
  [1m[36m (4.0ms)[0m  [1mDROP TABLE "ideas"[0m
  [1m[35m (0.0ms)[0m  CREATE TABLE "ideas" ("id" INTEGER PRIMARY KEY AUTOINCREMENT NOT NULL, "name" varchar(255), "description" text, "picture" varchar(255), "created_at" datetime, "updated_at" datetime) 
  [1m[36mSQL (0.0ms)[0m  [1mINSERT INTO "schema_migrations" ("version") VALUES (?)[0m  [["version", "20140111041429"]]
  [1m[35m (87.9ms)[0m  commit transaction
  [1m[36mActiveRecord::SchemaMigration Load (1.0ms)[0m  [1mSELECT "schema_migrations".* FROM "schema_migrations"[0m


Started GET "/ideas/" for 127.0.0.1 at 2014-01-11 12:15:55 +0800
  [1m[36mActiveRecord::SchemaMigration Load (0.0ms)[0m  [1mSELECT "schema_migrations".* FROM "schema_migrations"[0m
Processing by IdeasController#index as HTML
  [1m[35mIdea Load (0.0ms)[0m  SELECT "ideas".* FROM "ideas"
  Rendered ideas/index.html.erb within layouts/application (6.0ms)
Completed 200 OK in 127ms (Views: 69.3ms | ActiveRecord: 0.0ms)


Started GET "/ideas/new" for 127.0.0.1 at 2014-01-11 12:16:00 +0800
Processing by IdeasController#new as HTML
  Rendered ideas/_form.html.erb (83.9ms)
  Rendered ideas/new.html.erb within layouts/application (115.0ms)
Completed 200 OK in 124ms (Views: 120.0ms | ActiveRecord: 2.0ms)


Started POST "/ideas" for 127.0.0.1 at 2014-01-11 12:16:31 +0800
Processing by IdeasController#create as HTML
  Parameters: {"utf8"=>"âœ“", "authenticity_token"=>"xZWvToQlDylEYTiX5faZNj5o5wnGtJpqcrqt17W7c9M=", "idea"=>{"name"=>"lynn", "description"=>"lynn", "picture"=>"lynn"}, "commit"=>"Create Idea"}
  [1m[36m (0.0ms)[0m  [1mbegin transaction[0m
  [1m[35mSQL (50.4ms)[0m  INSERT INTO "ideas" ("created_at", "description", "name", "picture", "updated_at") VALUES (?, ?, ?, ?, ?)  [["created_at", Sat, 11 Jan 2014 04:16:31 UTC +00:00], ["description", "lynn"], ["name", "lynn"], ["picture", "lynn"], ["updated_at", Sat, 11 Jan 2014 04:16:31 UTC +00:00]]
  [1m[36m (87.3ms)[0m  [1mcommit transaction[0m
Redirected to http://localhost:3000/ideas/1
Completed 302 Found in 164ms (ActiveRecord: 137.8ms)


Started GET "/ideas/1" for 127.0.0.1 at 2014-01-11 12:16:33 +0800
Processing by IdeasController#show as HTML
  Parameters: {"id"=>"1"}
  [1m[35mIdea Load (0.0ms)[0m  SELECT "ideas".* FROM "ideas" WHERE "ideas"."id" = ? LIMIT 1  [["id", "1"]]
  Rendered ideas/show.html.erb within layouts/application (1.0ms)
Completed 200 OK in 18ms (Views: 11.6ms | ActiveRecord: 0.0ms)


Started GET "/ideas/1/edit" for 127.0.0.1 at 2014-01-11 12:16:39 +0800
Processing by IdeasController#edit as HTML
  Parameters: {"id"=>"1"}
  [1m[36mIdea Load (0.0ms)[0m  [1mSELECT "ideas".* FROM "ideas" WHERE "ideas"."id" = ? LIMIT 1[0m  [["id", "1"]]
  Rendered ideas/_form.html.erb (3.0ms)
  Rendered ideas/edit.html.erb within layouts/application (22.0ms)
Completed 200 OK in 35ms (Views: 28.0ms | ActiveRecord: 0.0ms)


Started PATCH "/ideas/1" for 127.0.0.1 at 2014-01-11 12:16:41 +0800
Processing by IdeasController#update as HTML
  Parameters: {"utf8"=>"âœ“", "authenticity_token"=>"xZWvToQlDylEYTiX5faZNj5o5wnGtJpqcrqt17W7c9M=", "idea"=>{"name"=>"lynn", "description"=>"lynn", "picture"=>"lynn"}, "commit"=>"Update Idea", "id"=>"1"}
  [1m[35mIdea Load (0.0ms)[0m  SELECT "ideas".* FROM "ideas" WHERE "ideas"."id" = ? LIMIT 1  [["id", "1"]]
  [1m[36m (0.0ms)[0m  [1mbegin transaction[0m
  [1m[35m (0.0ms)[0m  commit transaction
Redirected to http://localhost:3000/ideas/1
Completed 302 Found in 15ms (ActiveRecord: 0.0ms)


Started GET "/ideas/1" for 127.0.0.1 at 2014-01-11 12:16:41 +0800
Processing by IdeasController#show as HTML
  Parameters: {"id"=>"1"}
  [1m[36mIdea Load (0.0ms)[0m  [1mSELECT "ideas".* FROM "ideas" WHERE "ideas"."id" = ? LIMIT 1[0m  [["id", "1"]]
  Rendered ideas/show.html.erb within layouts/application (0.0ms)
Completed 200 OK in 9ms (Views: 4.0ms | ActiveRecord: 0.0ms)


Started GET "/ideas" for 127.0.0.1 at 2014-01-11 12:16:43 +0800
Processing by IdeasController#index as HTML
  [1m[35mIdea Load (0.0ms)[0m  SELECT "ideas".* FROM "ideas"
  Rendered ideas/index.html.erb within layouts/application (2.0ms)
Completed 200 OK in 7ms (Views: 6.0ms | ActiveRecord: 0.0ms)


Started GET "/ideas/1" for 127.0.0.1 at 2014-01-11 12:16:45 +0800
Processing by IdeasController#show as HTML
  Parameters: {"id"=>"1"}
  [1m[36mIdea Load (1.0ms)[0m  [1mSELECT "ideas".* FROM "ideas" WHERE "ideas"."id" = ? LIMIT 1[0m  [["id", "1"]]
  Rendered ideas/show.html.erb within layouts/application (1.0ms)
Completed 200 OK in 6ms (Views: 4.0ms | ActiveRecord: 1.0ms)


Started GET "/ideas/" for 127.0.0.1 at 2014-01-11 12:47:41 +0800
  [1m[36mActiveRecord::SchemaMigration Load (0.0ms)[0m  [1mSELECT "schema_migrations".* FROM "schema_migrations"[0m
Processing by IdeasController#index as HTML
  [1m[35mIdea Load (0.0ms)[0m  SELECT "ideas".* FROM "ideas"
  Rendered ideas/index.html.erb within layouts/application (35.4ms)
Completed 200 OK in 204ms (Views: 85.9ms | ActiveRecord: 2.0ms)


Started GET "/ideas/new" for 127.0.0.1 at 2014-01-11 12:47:46 +0800
Processing by IdeasController#new as HTML
  Rendered ideas/_form.html.erb (127.4ms)
  Rendered ideas/new.html.erb within layouts/application (140.9ms)
Completed 200 OK in 147ms (Views: 145.9ms | ActiveRecord: 0.0ms)


Started POST "/ideas" for 127.0.0.1 at 2014-01-11 12:48:10 +0800
Processing by IdeasController#create as HTML
  Parameters: {"utf8"=>"âœ“", "authenticity_token"=>"xZWvToQlDylEYTiX5faZNj5o5wnGtJpqcrqt17W7c9M=", "idea"=>{"name"=>"1", "description"=>"2", "picture"=>#<ActionDispatch::Http::UploadedFile:0x35b91a0 @tempfile=#<Tempfile:C:/Users/admin/AppData/Local/Temp/RackMultipart20140111-11576-1t9qvug>, @original_filename="å¼ ç¡•ç³.jpg", @content_type="image/jpeg", @headers="Content-Disposition: form-data; name=\"idea[picture]\"; filename=\"\xE5\xBC\xA0\xE7\xA1\x95\xE7\x90\xB3.jpg\"\r\nContent-Type: image/jpeg\r\n">}, "commit"=>"Create Idea"}
  [1m[36m (0.0ms)[0m  [1mbegin transaction[0m
  [1m[35mSQL (32.0ms)[0m  INSERT INTO "ideas" ("created_at", "description", "name", "picture", "updated_at") VALUES (?, ?, ?, ?, ?)  [["created_at", Sat, 11 Jan 2014 04:48:10 UTC +00:00], ["description", "2"], ["name", "1"], ["picture", "___.jpg"], ["updated_at", Sat, 11 Jan 2014 04:48:10 UTC +00:00]]
  [1m[36m (92.1ms)[0m  [1mcommit transaction[0m
Redirected to http://localhost:3000/ideas/2
Completed 302 Found in 512ms (ActiveRecord: 124.2ms)


Started GET "/ideas/2" for 127.0.0.1 at 2014-01-11 12:48:12 +0800
Processing by IdeasController#show as HTML
  Parameters: {"id"=>"2"}
  [1m[35mIdea Load (0.5ms)[0m  SELECT "ideas".* FROM "ideas" WHERE "ideas"."id" = ? LIMIT 1  [["id", "2"]]
  Rendered ideas/show.html.erb within layouts/application (4.0ms)
Completed 200 OK in 11ms (Views: 8.0ms | ActiveRecord: 0.5ms)


Started GET "/ideas" for 127.0.0.1 at 2014-01-11 12:48:33 +0800
Processing by IdeasController#index as HTML
  [1m[36mIdea Load (0.0ms)[0m  [1mSELECT "ideas".* FROM "ideas"[0m
  Rendered ideas/index.html.erb within layouts/application (6.0ms)
Completed 200 OK in 10ms (Views: 10.0ms | ActiveRecord: 0.0ms)


Started GET "/ideas" for 127.0.0.1 at 2014-01-11 12:52:41 +0800
  [1m[36mActiveRecord::SchemaMigration Load (0.0ms)[0m  [1mSELECT "schema_migrations".* FROM "schema_migrations"[0m
Processing by IdeasController#index as HTML
  [1m[35mIdea Load (0.0ms)[0m  SELECT "ideas".* FROM "ideas"
  Rendered ideas/index.html.erb within layouts/application (39.0ms)
Completed 200 OK in 87ms (Views: 54.0ms | ActiveRecord: 0.0ms)


Started GET "/ideas/new" for 127.0.0.1 at 2014-01-11 12:52:44 +0800
Processing by IdeasController#new as HTML
  Rendered ideas/_form.html.erb (26.0ms)
  Rendered ideas/new.html.erb within layouts/application (34.0ms)
Completed 200 OK in 41ms (Views: 40.0ms | ActiveRecord: 0.0ms)


Started GET "/ideas/2/edit" for 127.0.0.1 at 2014-01-11 12:52:49 +0800
Processing by IdeasController#edit as HTML
  Parameters: {"id"=>"2"}
  [1m[36mIdea Load (0.0ms)[0m  [1mSELECT "ideas".* FROM "ideas" WHERE "ideas"."id" = ? LIMIT 1[0m  [["id", "2"]]
  Rendered ideas/_form.html.erb (5.0ms)
  Rendered ideas/edit.html.erb within layouts/application (7.8ms)
Completed 200 OK in 17ms (Views: 11.8ms | ActiveRecord: 0.0ms)


Started GET "/ideas/2" for 127.0.0.1 at 2014-01-11 12:52:53 +0800
Processing by IdeasController#show as HTML
  Parameters: {"id"=>"2"}
  [1m[35mIdea Load (1.0ms)[0m  SELECT "ideas".* FROM "ideas" WHERE "ideas"."id" = ? LIMIT 1  [["id", "2"]]
  Rendered ideas/show.html.erb within layouts/application (4.0ms)
Completed 200 OK in 12ms (Views: 7.0ms | ActiveRecord: 1.0ms)


Started GET "/ideas" for 127.0.0.1 at 2014-01-11 14:28:02 +0800
  [1m[36mActiveRecord::SchemaMigration Load (1.0ms)[0m  [1mSELECT "schema_migrations".* FROM "schema_migrations"[0m
Processing by IdeasController#index as HTML
  [1m[35mIdea Load (0.0ms)[0m  SELECT "ideas".* FROM "ideas"
  Rendered ideas/index.html.erb within layouts/application (68.1ms)
Completed 200 OK in 218ms (Views: 143.5ms | ActiveRecord: 0.0ms)


Started GET "/" for 127.0.0.1 at 2014-01-11 14:28:14 +0800
Processing by IdeasController#index as HTML
  [1m[36mIdea Load (1.0ms)[0m  [1mSELECT "ideas".* FROM "ideas"[0m
  Rendered ideas/index.html.erb within layouts/application (6.0ms)
Completed 200 OK in 10ms (Views: 8.0ms | ActiveRecord: 1.0ms)


Started GET "/" for 127.0.0.1 at 2014-01-11 14:29:21 +0800
Processing by IdeasController#index as HTML
  [1m[35mIdea Load (1.0ms)[0m  SELECT "ideas".* FROM "ideas"
  Rendered ideas/index.html.erb within layouts/application (7.0ms)
Completed 200 OK in 11ms (Views: 8.0ms | ActiveRecord: 1.0ms)


Started GET "/" for 127.0.0.1 at 2014-01-11 16:06:50 +0800
Processing by IdeasController#index as HTML
  [1m[36mIdea Load (15.0ms)[0m  [1mSELECT "ideas".* FROM "ideas"[0m
  Rendered ideas/index.html.erb within layouts/application (24.0ms)
Completed 200 OK in 42ms (Views: 26.0ms | ActiveRecord: 15.0ms)
